<?xml version="1.0" encoding="utf-8"?><testsuites><testsuite name="pytest" errors="0" failures="0" skipped="0" tests="7" time="0.064" timestamp="2023-01-20T18:36:27.101980" hostname="user1s-MacBook-Pro.local"><testcase classname="test_student" name="test_get_name[TEST00001 : test get_name() return correct name-eachtest_setupteardown0-bob-80-bob-True]" file="test_student.py" line="9" time="0.003" /><testcase classname="test_student" name="test_get_score[TEST00002 : test get_score() return correct score-eachtest_setupteardown0-bob-80-80-True]" file="test_student.py" line="33" time="0.003" /><testcase classname="test_student" name="test_get_score_level[TEST00003 : test get_score_level() level A-eachtest_setupteardown0-bob-81-A-True]" file="test_student.py" line="57" time="0.002" /><testcase classname="test_student" name="test_get_score_level[TEST00004 : test get_score_level() level B-eachtest_setupteardown1-bob-80-B-True]" file="test_student.py" line="57" time="0.002" /><testcase classname="test_student" name="test_get_score_level[TEST00005 : test get_score_level() level C-eachtest_setupteardown2-bob-41-C-True]" file="test_student.py" line="57" time="0.003" /><testcase classname="test_student" name="test_get_score_level[TEST00006 : test get_score_level() level D-eachtest_setupteardown3-bob-40-D-True]" file="test_student.py" line="57" time="0.002" /><testcase classname="test_student" name="test_get_score_level[TEST00007 : test get_score_level() error score -eachtest_setupteardown4-bob-101-90-False]" file="test_student.py" line="57" time="0.002" /></testsuite></testsuites>