<?xml version="1.0" encoding="utf-8"?><testsuites><testsuite name="pytest" errors="0" failures="0" skipped="0" tests="2" time="0.032" timestamp="2023-01-20T14:36:43.875538" hostname="user1s-MacBook-Pro.local"><testcase classname="test_hello" name="test_hello_name[TEST00001 : test hello_name() match correct name-eachtest_setupteardown0-bob-bob-True]" file="test_hello.py" line="20" time="0.003" /><testcase classname="test_hello" name="test_hello_name[TEST00002 : test hello_name() incorrect str not in name-eachtest_setupteardown1-bob-haha-False]" file="test_hello.py" line="20" time="0.002" /></testsuite></testsuites>